<?xml version="1.0" encoding="UTF-8"?>
<robot generator="Robot 6.1.1 (Python 3.11.5 on win32)" generated="20240130 22:11:37.036" rpa="false" schemaversion="4">
<suite id="s1" name="Uta5" source="d:\CS\SEG5\SoftwareEN_G5\KKUPrestaShop\test\uta5.robot">
<kw name="Open Browser" library="SeleniumLibrary" type="SETUP">
<arg>${URL_index}</arg>
<arg>${BROWSER}</arg>
<doc>Opens a new browser instance to the optional ``url``.</doc>
<msg timestamp="20240130 22:11:37.311" level="INFO">Opening browser 'chrome' to base url 'http://localhost:8080/th/'.</msg>
<status status="PASS" starttime="20240130 22:11:37.310" endtime="20240130 22:11:39.460"/>
</kw>
<test id="s1-t1" name="Test Case 5_1: add-product-Cart" line="16">
<kw name="Open index">
<kw name="Go To" library="SeleniumLibrary">
<arg>${URL_index}</arg>
<doc>Navigates the current browser window to the provided ``url``.</doc>
<msg timestamp="20240130 22:11:39.465" level="INFO">Opening url 'http://localhost:8080/th/'</msg>
<status status="PASS" starttime="20240130 22:11:39.464" endtime="20240130 22:11:39.682"/>
</kw>
<status status="PASS" starttime="20240130 22:11:39.463" endtime="20240130 22:11:39.682"/>
</kw>
<kw name="Open login">
<kw name="Go To" library="SeleniumLibrary">
<arg>${URL_login}</arg>
<doc>Navigates the current browser window to the provided ``url``.</doc>
<msg timestamp="20240130 22:11:39.685" level="INFO">Opening url 'http://localhost:8080/th/%E0%B9%80%E0%B8%82%E0%B9%89%E0%B8%B2%E0%B8%AA%E0%B8%B9%E0%B9%88%E0%B8%A3%E0%B8%B0%E0%B8%9A%E0%B8%9A?back=http%3A%2F%2Flocalhost%3A8080%2Fth%2F'</msg>
<status status="PASS" starttime="20240130 22:11:39.684" endtime="20240130 22:11:39.834"/>
</kw>
<status status="PASS" starttime="20240130 22:11:39.682" endtime="20240130 22:11:39.835"/>
</kw>
<kw name="Input data_login">
<kw name="Input Text" library="SeleniumLibrary">
<arg>id=field-email</arg>
<arg>somsri@kkumail.com</arg>
<doc>Types the given ``text`` into the text field identified by ``locator``.</doc>
<msg timestamp="20240130 22:11:39.837" level="INFO">Typing text 'somsri@kkumail.com' into text field 'id=field-email'.</msg>
<status status="PASS" starttime="20240130 22:11:39.836" endtime="20240130 22:11:40.034"/>
</kw>
<kw name="Input Text" library="SeleniumLibrary">
<arg>id=field-password</arg>
<arg>0889742987</arg>
<doc>Types the given ``text`` into the text field identified by ``locator``.</doc>
<msg timestamp="20240130 22:11:40.035" level="INFO">Typing text '0889742987' into text field 'id=field-password'.</msg>
<status status="PASS" starttime="20240130 22:11:40.034" endtime="20240130 22:11:40.181"/>
</kw>
<kw name="Click Button" library="SeleniumLibrary">
<arg>id=submit-login</arg>
<doc>Clicks the button identified by ``locator``.</doc>
<msg timestamp="20240130 22:11:40.182" level="INFO">Clicking button 'id=submit-login'.</msg>
<status status="PASS" starttime="20240130 22:11:40.182" endtime="20240130 22:11:40.626"/>
</kw>
<status status="PASS" starttime="20240130 22:11:39.835" endtime="20240130 22:11:40.627"/>
</kw>
<kw name="Open product">
<kw name="Go To" library="SeleniumLibrary">
<arg>${URL_product}</arg>
<doc>Navigates the current browser window to the provided ``url``.</doc>
<msg timestamp="20240130 22:11:40.630" level="INFO">Opening url 'http://localhost:8080/th/%E0%B8%AA%E0%B8%B4%E0%B8%99%E0%B8%84%E0%B9%89%E0%B8%B2%E0%B9%83%E0%B8%AB%E0%B8%A1%E0%B9%88'</msg>
<status status="PASS" starttime="20240130 22:11:40.630" endtime="20240130 22:11:41.001"/>
</kw>
<status status="PASS" starttime="20240130 22:11:40.628" endtime="20240130 22:11:41.002"/>
</kw>
<kw name="Click Link with Content Attribute">
<arg>http://localhost:8080/th/clothes/27-pha-khawma-pha-phan-khx-thi-raluk.html</arg>
<kw name="Click Element" library="SeleniumLibrary">
<arg>css=a[content="${content_value}"]</arg>
<doc>Click the element identified by ``locator``.</doc>
<msg timestamp="20240130 22:11:41.005" level="INFO">Clicking element 'css=a[content="http://localhost:8080/th/clothes/27-pha-khawma-pha-phan-khx-thi-raluk.html"]'.</msg>
<status status="PASS" starttime="20240130 22:11:41.004" endtime="20240130 22:11:41.419"/>
</kw>
<status status="PASS" starttime="20240130 22:11:41.003" endtime="20240130 22:11:41.420"/>
</kw>
<kw name="Click Element" library="SeleniumLibrary">
<arg>class=add</arg>
<doc>Click the element identified by ``locator``.</doc>
<msg timestamp="20240130 22:11:41.422" level="INFO">Clicking element 'class=add'.</msg>
<status status="PASS" starttime="20240130 22:11:41.421" endtime="20240130 22:11:41.503"/>
</kw>
<kw name="Click Element" library="SeleniumLibrary">
<arg>class=</arg>
<doc>Click the element identified by ``locator``.</doc>
<msg timestamp="20240130 22:11:41.505" level="INFO">Clicking element 'class='.</msg>
<msg timestamp="20240130 22:11:41.622" level="INFO" html="true">&lt;/td&gt;&lt;/tr&gt;&lt;tr&gt;&lt;td colspan="3"&gt;&lt;a href="selenium-screenshot-15.png"&gt;&lt;img src="selenium-screenshot-15.png" width="800px"&gt;&lt;/a&gt;</msg>
<msg timestamp="20240130 22:11:41.623" level="FAIL">InvalidSelectorException: Message: invalid selector: An invalid or illegal selector was specified
  (Session info: chrome=120.0.6099.225); For documentation on this error, please visit: https://www.selenium.dev/documentation/webdriver/troubleshooting/errors#invalid-selector-exception
Stacktrace:
	GetHandleVerifier [0x00007FF7DE942142+3514994]
	(No symbol) [0x00007FF7DE560CE2]
	(No symbol) [0x00007FF7DE4076AA]
	(No symbol) [0x00007FF7DE40CFC0]
	(No symbol) [0x00007FF7DE40F38F]
	(No symbol) [0x00007FF7DE40F480]
	(No symbol) [0x00007FF7DE451624]
	(No symbol) [0x00007FF7DE45197C]
	(No symbol) [0x00007FF7DE494F17]
	(No symbol) [0x00007FF7DE47602F]
	(No symbol) [0x00007FF7DE4928F6]
	(No symbol) [0x00007FF7DE475D93]
	(No symbol) [0x00007FF7DE444BDC]
	(No symbol) [0x00007FF7DE445C64]
	GetHandleVerifier [0x00007FF7DE96E16B+3695259]
	GetHandleVerifier [0x00007FF7DE9C6737+4057191]
	GetHandleVerifier [0x00007FF7DE9BE4E3+4023827]
	GetHandleVerifier [0x00007FF7DE6904F9+689705]
	(No symbol) [0x00007FF7DE56C048]
	(No symbol) [0x00007FF7DE568044]
	(No symbol) [0x00007FF7DE5681C9]
	(No symbol) [0x00007FF7DE5588C4]
	BaseThreadInitThunk [0x00007FF9C067257D+29]
	RtlUserThreadStart [0x00007FF9C17EAA58+40]
</msg>
<status status="FAIL" starttime="20240130 22:11:41.504" endtime="20240130 22:11:41.626"/>
</kw>
<kw name="Delay">
<status status="NOT RUN" starttime="20240130 22:11:41.627" endtime="20240130 22:11:41.627"/>
</kw>
<doc>add-product-Shopping</doc>
<status status="FAIL" starttime="20240130 22:11:39.460" endtime="20240130 22:11:41.629">InvalidSelectorException: Message: invalid selector: An invalid or illegal selector was specified
  (Session info: chrome=120.0.6099.225); For documentation on this error, please visit: https://www.selenium.dev/documentation/webdriver/troubleshooting/errors#invalid-selector-exception
Stacktrace:
	GetHandleVerifier [0x00007FF7DE942142+3514994]
	(No symbol) [0x00007FF7DE560CE2]
	(No symbol) [0x00007FF7DE4076AA]
	(No symbol) [0x00007FF7DE40CFC0]
	(No symbol) [0x00007FF7DE40F38F]
	(No symbol) [0x00007FF7DE40F480]
	(No symbol) [0x00007FF7DE451624]
	(No symbol) [0x00007FF7DE45197C]
	(No symbol) [0x00007FF7DE494F17]
	(No symbol) [0x00007FF7DE47602F]
	(No symbol) [0x00007FF7DE4928F6]
	(No symbol) [0x00007FF7DE475D93]
	(No symbol) [0x00007FF7DE444BDC]
	(No symbol) [0x00007FF7DE445C64]
	GetHandleVerifier [0x00007FF7DE96E16B+3695259]
	GetHandleVerifier [0x00007FF7DE9C6737+4057191]
	GetHandleVerifier [0x00007FF7DE9BE4E3+4023827]
	GetHandleVerifier [0x00007FF7DE6904F9+689705]
	(No symbol) [0x00007FF7DE56C048]
	(No symbol) [0x00007FF7DE568044]
	(No symbol) [0x00007FF7DE5681C9]
	(No symbol) [0x00007FF7DE5588C4]
	BaseThreadInitThunk [0x00007FF9C067257D+29]
	RtlUserThreadStart [0x00007FF9C17EAA58+40]
</status>
</test>
<kw name="Close Browser" library="SeleniumLibrary" type="TEARDOWN">
<doc>Closes the current browser.</doc>
<status status="PASS" starttime="20240130 22:11:41.633" endtime="20240130 22:11:43.792"/>
</kw>
<status status="FAIL" starttime="20240130 22:11:37.043" endtime="20240130 22:11:43.792"/>
</suite>
<statistics>
<total>
<stat pass="0" fail="1" skip="0">All Tests</stat>
</total>
<tag>
</tag>
<suite>
<stat pass="0" fail="1" skip="0" id="s1" name="Uta5">Uta5</stat>
</suite>
</statistics>
<errors>
</errors>
</robot>
